<?xml version="1.0" encoding="UTF-8"?>
<!-- Generated by org.testng.reporters.JUnitReportReporter -->
<testsuite hostname="jq-PC" name="com.hst.testcase.LoginTest" tests="1" failures="0" timestamp="6 Aug 2019 06:22:33 GMT" time="5.057" errors="0">
  <testcase name="loginTest1" time="5.057" classname="com.hst.testcase.LoginTest"/>
</testsuite> <!-- com.hst.testcase.LoginTest -->
